<?xml version="1.0" encoding="UTF-8"?>
<!-- Generated by org.testng.reporters.JUnitXMLReporter -->
<testsuite ignored="0" hostname="WINDELL-8OBPOFL" failures="0" tests="2" name="Default test" time="8.657" errors="0" timestamp="2021-07-28T05:05:03 EDT">
  <testcase classname="amazon.web.automation.testcases.TC_001_CreateAccountFunctionality" name="tc_CAF_002_Provide_No_Fields" time="1.767"/>
  <testcase classname="amazon.web.automation.testcases.TC_001_CreateAccountFunctionality" name="tc_CAF_003_Provide_No_Name" time="1.13"/>
</testsuite> <!-- Default test -->
