<?xml version="1.0" encoding="UTF-8"?>
<!-- Generated by org.testng.reporters.JUnitXMLReporter -->
<testsuite ignored="0" hostname="WINDELL-8OBPOFL" failures="0" tests="3" name="Regression" time="9.075" errors="0" timestamp="2021-07-27T17:33:47 EDT">
  <testcase classname="amazon.web.automation.testcases.TC_001_CreateAccountFunctionality" name="tc_CAF_002_Provide_No_Fields" time="0.871"/>
  <testcase classname="amazon.web.automation.testcases.TC_001_CreateAccountFunctionality" name="tc_CAF_003_Provide_No_Name" time="0.889"/>
  <testcase classname="amazon.web.automation.testcases.TC_002_CreateAccountFunctionality2" name="tc_CAF_004_Provide_No_Email" time="0.901"/>
</testsuite> <!-- Regression -->
