<?xml version="1.0" encoding="UTF-8"?>
<testng-results ignored="0" total="1" passed="1" failed="0" skipped="0">
  <reporter-output>
  </reporter-output>
  <suite started-at="2021-07-23T04:27:33 EDT" name="Default suite" finished-at="2021-07-23T04:27:43 EDT" duration-ms="9706">
    <groups>
    </groups>
    <test started-at="2021-07-23T04:27:33 EDT" name="Default test" finished-at="2021-07-23T04:27:43 EDT" duration-ms="9706">
      <class name="amazon.web.automation.testcases.TC_CAF_001_CreateAccountProvideInvalidEmail">
        <test-method signature="startBrowser()[pri:0, instance:amazon.web.automation.testcases.TC_CAF_001_CreateAccountProvideInvalidEmail@61386958]" started-at="2021-07-23T04:27:33 EDT" name="startBrowser" finished-at="2021-07-23T04:27:43 EDT" duration-ms="9671" status="PASS">
          <reporter-output>
          </reporter-output>
        </test-method> <!-- startBrowser -->
      </class> <!-- amazon.web.automation.testcases.TC_CAF_001_CreateAccountProvideInvalidEmail -->
    </test> <!-- Default test -->
  </suite> <!-- Default suite -->
</testng-results>
