<?xml version="1.0" encoding="UTF-8"?>
<testng-results ignored="0" total="4" passed="4" failed="0" skipped="0">
  <reporter-output>
  </reporter-output>
  <suite started-at="2021-07-27T17:33:37 EDT" name="Suite" finished-at="2021-07-27T17:33:50 EDT" duration-ms="12280">
    <groups>
    </groups>
    <test started-at="2021-07-27T17:33:37 EDT" name="Regression" finished-at="2021-07-27T17:33:47 EDT" duration-ms="9075">
      <class name="amazon.web.automation.testcases.TC_001_CreateAccountFunctionality">
        <test-method is-config="true" signature="startBrowser()[pri:0, instance:amazon.web.automation.testcases.TC_001_CreateAccountFunctionality@2e55dd0c]" started-at="2021-07-27T17:33:37 EDT" name="startBrowser" finished-at="2021-07-27T17:33:40 EDT" duration-ms="2229" status="PASS">
          <reporter-output>
          </reporter-output>
        </test-method> <!-- startBrowser -->
        <test-method signature="tc_CAF_002_Provide_No_Fields()[pri:0, instance:amazon.web.automation.testcases.TC_001_CreateAccountFunctionality@2e55dd0c]" started-at="2021-07-27T17:33:40 EDT" name="tc_CAF_002_Provide_No_Fields" finished-at="2021-07-27T17:33:41 EDT" duration-ms="871" status="PASS">
          <reporter-output>
          </reporter-output>
        </test-method> <!-- tc_CAF_002_Provide_No_Fields -->
        <test-method is-config="true" signature="startBrowser()[pri:0, instance:amazon.web.automation.testcases.TC_001_CreateAccountFunctionality@2e55dd0c]" started-at="2021-07-27T17:33:41 EDT" name="startBrowser" finished-at="2021-07-27T17:33:43 EDT" duration-ms="2136" status="PASS">
          <reporter-output>
          </reporter-output>
        </test-method> <!-- startBrowser -->
        <test-method signature="tc_CAF_003_Provide_No_Name()[pri:0, instance:amazon.web.automation.testcases.TC_001_CreateAccountFunctionality@2e55dd0c]" started-at="2021-07-27T17:33:43 EDT" name="tc_CAF_003_Provide_No_Name" finished-at="2021-07-27T17:33:44 EDT" duration-ms="889" status="PASS">
          <reporter-output>
          </reporter-output>
        </test-method> <!-- tc_CAF_003_Provide_No_Name -->
      </class> <!-- amazon.web.automation.testcases.TC_001_CreateAccountFunctionality -->
      <class name="amazon.web.automation.testcases.TC_002_CreateAccountFunctionality2">
        <test-method is-config="true" signature="startBrowser()[pri:0, instance:amazon.web.automation.testcases.TC_002_CreateAccountFunctionality2@37654521]" started-at="2021-07-27T17:33:44 EDT" name="startBrowser" finished-at="2021-07-27T17:33:46 EDT" duration-ms="2016" status="PASS">
          <reporter-output>
          </reporter-output>
        </test-method> <!-- startBrowser -->
        <test-method signature="tc_CAF_004_Provide_No_Email()[pri:0, instance:amazon.web.automation.testcases.TC_002_CreateAccountFunctionality2@37654521]" started-at="2021-07-27T17:33:46 EDT" name="tc_CAF_004_Provide_No_Email" finished-at="2021-07-27T17:33:47 EDT" duration-ms="901" status="PASS">
          <reporter-output>
          </reporter-output>
        </test-method> <!-- tc_CAF_004_Provide_No_Email -->
      </class> <!-- amazon.web.automation.testcases.TC_002_CreateAccountFunctionality2 -->
    </test> <!-- Regression -->
    <test started-at="2021-07-27T17:33:47 EDT" name="Smoke" finished-at="2021-07-27T17:33:50 EDT" duration-ms="3160">
      <class name="amazon.web.automation.testcases.TC_002_CreateAccountFunctionality2">
        <test-method is-config="true" signature="startBrowser()[pri:0, instance:amazon.web.automation.testcases.TC_002_CreateAccountFunctionality2@3232a28a]" started-at="2021-07-27T17:33:47 EDT" name="startBrowser" finished-at="2021-07-27T17:33:49 EDT" duration-ms="2162" status="PASS">
          <reporter-output>
          </reporter-output>
        </test-method> <!-- startBrowser -->
        <test-method signature="tc_CAF_004_Provide_No_Email()[pri:0, instance:amazon.web.automation.testcases.TC_002_CreateAccountFunctionality2@3232a28a]" started-at="2021-07-27T17:33:49 EDT" name="tc_CAF_004_Provide_No_Email" finished-at="2021-07-27T17:33:50 EDT" duration-ms="997" status="PASS">
          <reporter-output>
          </reporter-output>
        </test-method> <!-- tc_CAF_004_Provide_No_Email -->
      </class> <!-- amazon.web.automation.testcases.TC_002_CreateAccountFunctionality2 -->
    </test> <!-- Smoke -->
  </suite> <!-- Suite -->
</testng-results>
